2017-09-27 15:59:37 INFO  Main:25 - Student1 nmae:alfredo
2017-09-27 15:59:37 INFO  Main:26 - Student2 nmae:Albert
2017-09-27 16:59:42 INFO  Main:20 - 1. New Student
2017-09-27 16:59:42 INFO  Main:21 - 2. Salir
2017-09-27 16:59:55 INFO  Main:25 - Student Id:
2017-09-27 16:59:59 INFO  Main:27 - Student name:
2017-09-27 17:00:03 INFO  Main:29 - Student surname:
2017-09-27 17:00:06 INFO  Main:31 - Age:
2017-09-27 17:00:08 INFO  Main:36 - Student Saved:
2017-09-27 17:00:08 INFO  Main:38 - id:1
2017-09-27 17:00:08 INFO  Main:39 - name: alfredo
2017-09-27 17:00:08 INFO  Main:40 - surname: galiana
2017-09-27 17:00:08 INFO  Main:41 - Age:4
2017-09-27 17:00:08 INFO  Main:20 - 1. New Student
2017-09-27 17:00:08 INFO  Main:21 - 2. Salir
2017-09-27 17:00:16 INFO  Main:25 - Student Id:
2017-09-27 17:00:18 INFO  Main:27 - Student name:
2017-09-27 17:00:21 INFO  Main:29 - Student surname:
2017-09-27 17:00:23 INFO  Main:31 - Age:
2017-09-27 17:00:26 INFO  Main:36 - Student Saved:
2017-09-27 17:00:26 INFO  Main:38 - id:2
2017-09-27 17:00:26 INFO  Main:39 - name: alfredo
2017-09-27 17:00:26 INFO  Main:40 - surname: galiana
2017-09-27 17:00:26 INFO  Main:41 - Age:37
2017-09-27 17:00:26 INFO  Main:20 - 1. New Student
2017-09-27 17:00:26 INFO  Main:21 - 2. Salir
